2016-07-23 12:15:34.467  INFO 5128 --- [main] com.ren.Application                      : Starting Application on Rentius2407 with PID 5128 (C:\Work\Projects\Git\springboot-security-app\springboot-security-app\target\classes started by rentius in C:\Work\Projects\Git\springboot-security-app\springboot-security-app)
2016-07-23 12:15:34.467  INFO 5128 --- [main] com.ren.Application                      : No active profile set, falling back to default profiles: default
2016-07-23 12:15:34.529  INFO 5128 --- [main] ationConfigEmbeddedWebApplicationContext : Refreshing org.springframework.boot.context.embedded.AnnotationConfigEmbeddedWebApplicationContext@6f7923a5: startup date [Sat Jul 23 12:15:34 CAT 2016]; root of context hierarchy
2016-07-23 12:15:35.889  INFO 5128 --- [main] trationDelegate$BeanPostProcessorChecker : Bean 'org.springframework.security.config.annotation.configuration.ObjectPostProcessorConfiguration' of type [class org.springframework.security.config.annotation.configuration.ObjectPostProcessorConfiguration$$EnhancerBySpringCGLIB$$c0043476] is not eligible for getting processed by all BeanPostProcessors (for example: not eligible for auto-proxying)
2016-07-23 12:15:35.904  INFO 5128 --- [main] trationDelegate$BeanPostProcessorChecker : Bean 'objectPostProcessor' of type [class org.springframework.security.config.annotation.configuration.AutowireBeanFactoryObjectPostProcessor] is not eligible for getting processed by all BeanPostProcessors (for example: not eligible for auto-proxying)
2016-07-23 12:15:35.904  INFO 5128 --- [main] trationDelegate$BeanPostProcessorChecker : Bean 'org.springframework.security.access.expression.method.DefaultMethodSecurityExpressionHandler@30364216' of type [class org.springframework.security.access.expression.method.DefaultMethodSecurityExpressionHandler] is not eligible for getting processed by all BeanPostProcessors (for example: not eligible for auto-proxying)
2016-07-23 12:15:35.920  INFO 5128 --- [main] trationDelegate$BeanPostProcessorChecker : Bean 'org.springframework.security.config.annotation.method.configuration.GlobalMethodSecurityConfiguration' of type [class org.springframework.security.config.annotation.method.configuration.GlobalMethodSecurityConfiguration$$EnhancerBySpringCGLIB$$e4d8d728] is not eligible for getting processed by all BeanPostProcessors (for example: not eligible for auto-proxying)
2016-07-23 12:15:35.920  INFO 5128 --- [main] trationDelegate$BeanPostProcessorChecker : Bean 'methodSecurityMetadataSource' of type [class org.springframework.security.access.method.DelegatingMethodSecurityMetadataSource] is not eligible for getting processed by all BeanPostProcessors (for example: not eligible for auto-proxying)
2016-07-23 12:15:35.935  INFO 5128 --- [main] trationDelegate$BeanPostProcessorChecker : Bean 'org.springframework.transaction.annotation.ProxyTransactionManagementConfiguration' of type [class org.springframework.transaction.annotation.ProxyTransactionManagementConfiguration$$EnhancerBySpringCGLIB$$27566c3c] is not eligible for getting processed by all BeanPostProcessors (for example: not eligible for auto-proxying)
2016-07-23 12:15:36.514  INFO 5128 --- [main] s.b.c.e.t.TomcatEmbeddedServletContainer : Tomcat initialized with port(s): 8080 (http)
2016-07-23 12:15:36.529  INFO 5128 --- [main] o.apache.catalina.core.StandardService   : Starting service Tomcat
2016-07-23 12:15:36.529  INFO 5128 --- [main] org.apache.catalina.core.StandardEngine  : Starting Servlet Engine: Apache Tomcat/8.0.36
2016-07-23 12:15:36.654  INFO 5128 --- [localhost-startStop-1] o.a.c.c.C.[Tomcat].[localhost].[/]       : Initializing Spring embedded WebApplicationContext
2016-07-23 12:15:36.654  INFO 5128 --- [localhost-startStop-1] o.s.web.context.ContextLoader            : Root WebApplicationContext: initialization completed in 2125 ms
2016-07-23 12:15:37.045  INFO 5128 --- [localhost-startStop-1] o.s.b.c.embedded.FilterRegistrationBean  : Mapping filter: 'characterEncodingFilter' to: [/*]
2016-07-23 12:15:37.045  INFO 5128 --- [localhost-startStop-1] o.s.b.c.embedded.FilterRegistrationBean  : Mapping filter: 'hiddenHttpMethodFilter' to: [/*]
2016-07-23 12:15:37.045  INFO 5128 --- [localhost-startStop-1] o.s.b.c.embedded.FilterRegistrationBean  : Mapping filter: 'httpPutFormContentFilter' to: [/*]
2016-07-23 12:15:37.045  INFO 5128 --- [localhost-startStop-1] o.s.b.c.embedded.FilterRegistrationBean  : Mapping filter: 'requestContextFilter' to: [/*]
2016-07-23 12:15:37.045  INFO 5128 --- [localhost-startStop-1] .e.DelegatingFilterProxyRegistrationBean : Mapping filter: 'springSecurityFilterChain' to: [/*]
2016-07-23 12:15:37.045  INFO 5128 --- [localhost-startStop-1] o.s.b.c.e.ServletRegistrationBean        : Mapping servlet: 'dispatcherServlet' to [/]
2016-07-23 12:15:37.279  INFO 5128 --- [localhost-startStop-1] o.s.s.web.DefaultSecurityFilterChain     : Creating filter chain: Ant [pattern='/css/**'], []
2016-07-23 12:15:37.279  INFO 5128 --- [localhost-startStop-1] o.s.s.web.DefaultSecurityFilterChain     : Creating filter chain: Ant [pattern='/js/**'], []
2016-07-23 12:15:37.279  INFO 5128 --- [localhost-startStop-1] o.s.s.web.DefaultSecurityFilterChain     : Creating filter chain: Ant [pattern='/**/**.html'], []
2016-07-23 12:15:37.279  INFO 5128 --- [localhost-startStop-1] o.s.s.web.DefaultSecurityFilterChain     : Creating filter chain: Ant [pattern='/favicon.ico'], []
2016-07-23 12:15:37.279  INFO 5128 --- [localhost-startStop-1] o.s.s.web.DefaultSecurityFilterChain     : Creating filter chain: Ant [pattern='/**/**.js'], []
2016-07-23 12:15:37.342  INFO 5128 --- [localhost-startStop-1] o.s.s.web.DefaultSecurityFilterChain     : Creating filter chain: org.springframework.security.web.util.matcher.AnyRequestMatcher@1, [org.springframework.security.web.context.request.async.WebAsyncManagerIntegrationFilter@777d02ce, org.springframework.security.web.context.SecurityContextPersistenceFilter@189f01f0, org.springframework.security.web.header.HeaderWriterFilter@64a8bbff, org.springframework.security.web.authentication.logout.LogoutFilter@72175871, com.ren.security.filter.AuthenticationFilter@175927d3, org.springframework.security.web.savedrequest.RequestCacheAwareFilter@2287564e, org.springframework.security.web.servletapi.SecurityContextHolderAwareRequestFilter@5b6e9fb1, org.springframework.security.web.authentication.AnonymousAuthenticationFilter@4925ea01, org.springframework.security.web.session.SessionManagementFilter@720420c8, org.springframework.security.web.access.ExceptionTranslationFilter@523dede1, org.springframework.security.web.access.intercept.FilterSecurityInterceptor@a8da97d]
2016-07-23 12:15:37.404  INFO 5128 --- [main] com.zaxxer.hikari.HikariDataSource       : HikariPool-1 - Started.
2016-07-23 12:15:37.545  INFO 5128 --- [main] com.zaxxer.hikari.pool.PoolBase          : HikariPool-1 - Driver does not support get/set network timeout for connections. (Method org.postgresql.jdbc4.Jdbc4Connection.getNetworkTimeout() is not yet implemented.)
2016-07-23 12:15:40.764  INFO 5128 --- [main] j.LocalContainerEntityManagerFactoryBean : Building JPA container EntityManagerFactory for persistence unit 'default'
2016-07-23 12:15:40.779  INFO 5128 --- [main] o.hibernate.jpa.internal.util.LogHelper  : HHH000204: Processing PersistenceUnitInfo [
	name: default
	...]
2016-07-23 12:15:40.842  INFO 5128 --- [main] org.hibernate.Version                    : HHH000412: Hibernate Core {4.3.11.Final}
2016-07-23 12:15:40.857  INFO 5128 --- [main] org.hibernate.cfg.Environment            : HHH000206: hibernate.properties not found
2016-07-23 12:15:40.857  INFO 5128 --- [main] org.hibernate.cfg.Environment            : HHH000021: Bytecode provider name : javassist
2016-07-23 12:15:41.061  INFO 5128 --- [main] o.hibernate.annotations.common.Version   : HCANN000001: Hibernate Commons Annotations {4.0.5.Final}
2016-07-23 12:15:41.264  INFO 5128 --- [main] org.hibernate.dialect.Dialect            : HHH000400: Using dialect: org.hibernate.dialect.PostgreSQL9Dialect
2016-07-23 12:15:41.264  INFO 5128 --- [main] o.h.e.jdbc.internal.LobCreatorBuilder    : HHH000424: Disabling contextual LOB creation as createClob() method threw error : java.lang.reflect.InvocationTargetException
2016-07-23 12:15:41.357  INFO 5128 --- [main] o.h.h.i.ast.ASTQueryTranslatorFactory    : HHH000397: Using ASTQueryTranslatorFactory
2016-07-23 12:15:41.951  INFO 5128 --- [main] s.w.s.m.m.a.RequestMappingHandlerAdapter : Looking for @ControllerAdvice: org.springframework.boot.context.embedded.AnnotationConfigEmbeddedWebApplicationContext@6f7923a5: startup date [Sat Jul 23 12:15:34 CAT 2016]; root of context hierarchy
2016-07-23 12:15:42.029  INFO 5128 --- [main] s.w.s.m.m.a.RequestMappingHandlerMapping : Mapped "{[/property/{id}],methods=[GET]}" onto public com.ren.property.Property com.ren.property.PropertyController.get(java.lang.Long)
2016-07-23 12:15:42.029  INFO 5128 --- [main] s.w.s.m.m.a.RequestMappingHandlerMapping : Mapped "{[/property],methods=[GET]}" onto public org.springframework.http.ResponseEntity<java.util.List<com.ren.property.Property>> com.ren.property.PropertyController.getAll()
2016-07-23 12:15:42.029  INFO 5128 --- [main] s.w.s.m.m.a.RequestMappingHandlerMapping : Mapped "{[/authenticate],methods=[POST]}" onto public org.springframework.http.ResponseEntity<com.ren.security.token.AuthToken> com.ren.security.AuthenticationController.authenticate(com.ren.security.authentication.AuthenticationCredentials)
2016-07-23 12:15:42.029  INFO 5128 --- [main] s.w.s.m.m.a.RequestMappingHandlerMapping : Mapped "{[/user],methods=[GET]}" onto public java.util.List<com.ren.user.User> com.ren.user.UserController.get()
2016-07-23 12:15:42.029  INFO 5128 --- [main] s.w.s.m.m.a.RequestMappingHandlerMapping : Mapped "{[/user/register],methods=[POST]}" onto public org.springframework.http.ResponseEntity<java.lang.String> com.ren.user.UserController.register()
2016-07-23 12:15:42.029  INFO 5128 --- [main] s.w.s.m.m.a.RequestMappingHandlerMapping : Mapped "{[/error]}" onto public org.springframework.http.ResponseEntity<java.util.Map<java.lang.String, java.lang.Object>> org.springframework.boot.autoconfigure.web.BasicErrorController.error(javax.servlet.http.HttpServletRequest)
2016-07-23 12:15:42.029  INFO 5128 --- [main] s.w.s.m.m.a.RequestMappingHandlerMapping : Mapped "{[/error],produces=[text/html]}" onto public org.springframework.web.servlet.ModelAndView org.springframework.boot.autoconfigure.web.BasicErrorController.errorHtml(javax.servlet.http.HttpServletRequest,javax.servlet.http.HttpServletResponse)
2016-07-23 12:15:42.045  INFO 5128 --- [main] o.s.w.s.c.a.WebMvcConfigurerAdapter      : Adding welcome page: class path resource [static/index.html]
2016-07-23 12:15:42.061  INFO 5128 --- [main] o.s.w.s.handler.SimpleUrlHandlerMapping  : Root mapping to handler of type [class org.springframework.web.servlet.mvc.ParameterizableViewController]
2016-07-23 12:15:42.076  INFO 5128 --- [main] o.s.w.s.handler.SimpleUrlHandlerMapping  : Mapped URL path [/webjars/**] onto handler of type [class org.springframework.web.servlet.resource.ResourceHttpRequestHandler]
2016-07-23 12:15:42.076  INFO 5128 --- [main] o.s.w.s.handler.SimpleUrlHandlerMapping  : Mapped URL path [/**] onto handler of type [class org.springframework.web.servlet.resource.ResourceHttpRequestHandler]
2016-07-23 12:15:42.107  INFO 5128 --- [main] o.s.w.s.handler.SimpleUrlHandlerMapping  : Mapped URL path [/**/favicon.ico] onto handler of type [class org.springframework.web.servlet.resource.ResourceHttpRequestHandler]
2016-07-23 12:15:42.389  INFO 5128 --- [main] o.s.j.e.a.AnnotationMBeanExporter        : Registering beans for JMX exposure on startup
2016-07-23 12:15:42.389  INFO 5128 --- [main] o.s.j.e.a.AnnotationMBeanExporter        : Bean with name 'databaseConfig' has been autodetected for JMX exposure
2016-07-23 12:15:42.389  INFO 5128 --- [main] o.s.j.e.a.AnnotationMBeanExporter        : Bean with name 'dataSource' has been autodetected for JMX exposure
2016-07-23 12:15:42.404  INFO 5128 --- [main] o.s.j.e.a.AnnotationMBeanExporter        : Located MBean 'databaseConfig': registering with JMX server as MBean [com.ren.db.config:name=databaseConfig,type=DatabaseConfig]
2016-07-23 12:15:42.404  INFO 5128 --- [main] o.s.j.e.a.AnnotationMBeanExporter        : Located MBean 'dataSource': registering with JMX server as MBean [com.zaxxer.hikari:name=dataSource,type=HikariDataSource]
2016-07-23 12:15:42.498  INFO 5128 --- [main] s.b.c.e.t.TomcatEmbeddedServletContainer : Tomcat started on port(s): 8080 (http)
2016-07-23 12:15:42.498  INFO 5128 --- [main] com.ren.Application                      : Started Application in 8.719 seconds (JVM running for 9.061)
2016-07-23 12:16:14.862  INFO 5128 --- [http-nio-8080-exec-1] o.a.c.c.C.[Tomcat].[localhost].[/]       : Initializing Spring FrameworkServlet 'dispatcherServlet'
2016-07-23 12:16:14.862  INFO 5128 --- [http-nio-8080-exec-1] o.s.web.servlet.DispatcherServlet        : FrameworkServlet 'dispatcherServlet': initialization started
2016-07-23 12:16:14.878  INFO 5128 --- [http-nio-8080-exec-1] o.s.web.servlet.DispatcherServlet        : FrameworkServlet 'dispatcherServlet': initialization completed in 16 ms
2016-07-23 12:25:12.163  INFO 8008 --- [main] com.ren.Application                      : Starting Application on Rentius2407 with PID 8008 (C:\Work\Projects\Git\springboot-security-app\springboot-security-app\target\classes started by rentius in C:\Work\Projects\Git\springboot-security-app\springboot-security-app)
2016-07-23 12:25:12.165  INFO 8008 --- [main] com.ren.Application                      : No active profile set, falling back to default profiles: default
2016-07-23 12:25:12.199  INFO 8008 --- [main] ationConfigEmbeddedWebApplicationContext : Refreshing org.springframework.boot.context.embedded.AnnotationConfigEmbeddedWebApplicationContext@6f7923a5: startup date [Sat Jul 23 12:25:12 CAT 2016]; root of context hierarchy
2016-07-23 12:25:13.619  INFO 8008 --- [main] trationDelegate$BeanPostProcessorChecker : Bean 'org.springframework.security.config.annotation.configuration.ObjectPostProcessorConfiguration' of type [class org.springframework.security.config.annotation.configuration.ObjectPostProcessorConfiguration$$EnhancerBySpringCGLIB$$c0043476] is not eligible for getting processed by all BeanPostProcessors (for example: not eligible for auto-proxying)
2016-07-23 12:25:13.636  INFO 8008 --- [main] trationDelegate$BeanPostProcessorChecker : Bean 'objectPostProcessor' of type [class org.springframework.security.config.annotation.configuration.AutowireBeanFactoryObjectPostProcessor] is not eligible for getting processed by all BeanPostProcessors (for example: not eligible for auto-proxying)
2016-07-23 12:25:13.638  INFO 8008 --- [main] trationDelegate$BeanPostProcessorChecker : Bean 'org.springframework.security.access.expression.method.DefaultMethodSecurityExpressionHandler@30364216' of type [class org.springframework.security.access.expression.method.DefaultMethodSecurityExpressionHandler] is not eligible for getting processed by all BeanPostProcessors (for example: not eligible for auto-proxying)
2016-07-23 12:25:13.643  INFO 8008 --- [main] trationDelegate$BeanPostProcessorChecker : Bean 'org.springframework.security.config.annotation.method.configuration.GlobalMethodSecurityConfiguration' of type [class org.springframework.security.config.annotation.method.configuration.GlobalMethodSecurityConfiguration$$EnhancerBySpringCGLIB$$e4d8d728] is not eligible for getting processed by all BeanPostProcessors (for example: not eligible for auto-proxying)
2016-07-23 12:25:13.655  INFO 8008 --- [main] trationDelegate$BeanPostProcessorChecker : Bean 'methodSecurityMetadataSource' of type [class org.springframework.security.access.method.DelegatingMethodSecurityMetadataSource] is not eligible for getting processed by all BeanPostProcessors (for example: not eligible for auto-proxying)
2016-07-23 12:25:13.664  INFO 8008 --- [main] trationDelegate$BeanPostProcessorChecker : Bean 'org.springframework.transaction.annotation.ProxyTransactionManagementConfiguration' of type [class org.springframework.transaction.annotation.ProxyTransactionManagementConfiguration$$EnhancerBySpringCGLIB$$27566c3c] is not eligible for getting processed by all BeanPostProcessors (for example: not eligible for auto-proxying)
2016-07-23 12:25:14.287  INFO 8008 --- [main] s.b.c.e.t.TomcatEmbeddedServletContainer : Tomcat initialized with port(s): 8080 (http)
2016-07-23 12:25:14.306  INFO 8008 --- [main] o.apache.catalina.core.StandardService   : Starting service Tomcat
2016-07-23 12:25:14.308  INFO 8008 --- [main] org.apache.catalina.core.StandardEngine  : Starting Servlet Engine: Apache Tomcat/8.0.36
2016-07-23 12:25:14.438  INFO 8008 --- [localhost-startStop-1] o.a.c.c.C.[Tomcat].[localhost].[/]       : Initializing Spring embedded WebApplicationContext
2016-07-23 12:25:14.438  INFO 8008 --- [localhost-startStop-1] o.s.web.context.ContextLoader            : Root WebApplicationContext: initialization completed in 2242 ms
2016-07-23 12:25:14.805  INFO 8008 --- [localhost-startStop-1] o.s.b.c.embedded.FilterRegistrationBean  : Mapping filter: 'characterEncodingFilter' to: [/*]
2016-07-23 12:25:14.805  INFO 8008 --- [localhost-startStop-1] o.s.b.c.embedded.FilterRegistrationBean  : Mapping filter: 'hiddenHttpMethodFilter' to: [/*]
2016-07-23 12:25:14.805  INFO 8008 --- [localhost-startStop-1] o.s.b.c.embedded.FilterRegistrationBean  : Mapping filter: 'httpPutFormContentFilter' to: [/*]
2016-07-23 12:25:14.805  INFO 8008 --- [localhost-startStop-1] o.s.b.c.embedded.FilterRegistrationBean  : Mapping filter: 'requestContextFilter' to: [/*]
2016-07-23 12:25:14.806  INFO 8008 --- [localhost-startStop-1] .e.DelegatingFilterProxyRegistrationBean : Mapping filter: 'springSecurityFilterChain' to: [/*]
2016-07-23 12:25:14.806  INFO 8008 --- [localhost-startStop-1] o.s.b.c.e.ServletRegistrationBean        : Mapping servlet: 'dispatcherServlet' to [/]
2016-07-23 12:25:15.075  INFO 8008 --- [localhost-startStop-1] o.s.s.web.DefaultSecurityFilterChain     : Creating filter chain: Ant [pattern='/css/**'], []
2016-07-23 12:25:15.076  INFO 8008 --- [localhost-startStop-1] o.s.s.web.DefaultSecurityFilterChain     : Creating filter chain: Ant [pattern='/js/**'], []
2016-07-23 12:25:15.076  INFO 8008 --- [localhost-startStop-1] o.s.s.web.DefaultSecurityFilterChain     : Creating filter chain: Ant [pattern='/**/**.html'], []
2016-07-23 12:25:15.076  INFO 8008 --- [localhost-startStop-1] o.s.s.web.DefaultSecurityFilterChain     : Creating filter chain: Ant [pattern='/favicon.ico'], []
2016-07-23 12:25:15.076  INFO 8008 --- [localhost-startStop-1] o.s.s.web.DefaultSecurityFilterChain     : Creating filter chain: Ant [pattern='/**/**.js'], []
2016-07-23 12:25:15.148  INFO 8008 --- [localhost-startStop-1] o.s.s.web.DefaultSecurityFilterChain     : Creating filter chain: org.springframework.security.web.util.matcher.AnyRequestMatcher@1, [org.springframework.security.web.context.request.async.WebAsyncManagerIntegrationFilter@18864d6, org.springframework.security.web.context.SecurityContextPersistenceFilter@6146caac, org.springframework.security.web.header.HeaderWriterFilter@63c4f73d, org.springframework.security.web.authentication.logout.LogoutFilter@62498c14, com.ren.security.filter.AuthenticationFilter@dc4fe0d, org.springframework.security.web.savedrequest.RequestCacheAwareFilter@38bbeb03, org.springframework.security.web.servletapi.SecurityContextHolderAwareRequestFilter@4f4cdd8c, org.springframework.security.web.authentication.AnonymousAuthenticationFilter@2a02fd80, org.springframework.security.web.session.SessionManagementFilter@2e61eb2f, org.springframework.security.web.access.ExceptionTranslationFilter@54f164a4, org.springframework.security.web.access.intercept.FilterSecurityInterceptor@4df9344f]
2016-07-23 12:25:15.215  INFO 8008 --- [main] com.zaxxer.hikari.HikariDataSource       : HikariPool-1 - Started.
2016-07-23 12:25:15.366  INFO 8008 --- [main] com.zaxxer.hikari.pool.PoolBase          : HikariPool-1 - Driver does not support get/set network timeout for connections. (Method org.postgresql.jdbc4.Jdbc4Connection.getNetworkTimeout() is not yet implemented.)
2016-07-23 12:25:16.682  INFO 8008 --- [main] j.LocalContainerEntityManagerFactoryBean : Building JPA container EntityManagerFactory for persistence unit 'default'
2016-07-23 12:25:16.690  INFO 8008 --- [main] o.hibernate.jpa.internal.util.LogHelper  : HHH000204: Processing PersistenceUnitInfo [
	name: default
	...]
2016-07-23 12:25:16.753  INFO 8008 --- [main] org.hibernate.Version                    : HHH000412: Hibernate Core {4.3.11.Final}
2016-07-23 12:25:16.755  INFO 8008 --- [main] org.hibernate.cfg.Environment            : HHH000206: hibernate.properties not found
2016-07-23 12:25:16.756  INFO 8008 --- [main] org.hibernate.cfg.Environment            : HHH000021: Bytecode provider name : javassist
2016-07-23 12:25:16.966  INFO 8008 --- [main] o.hibernate.annotations.common.Version   : HCANN000001: Hibernate Commons Annotations {4.0.5.Final}
2016-07-23 12:25:17.140  INFO 8008 --- [main] org.hibernate.dialect.Dialect            : HHH000400: Using dialect: org.hibernate.dialect.PostgreSQL9Dialect
2016-07-23 12:25:17.149  INFO 8008 --- [main] o.h.e.jdbc.internal.LobCreatorBuilder    : HHH000424: Disabling contextual LOB creation as createClob() method threw error : java.lang.reflect.InvocationTargetException
2016-07-23 12:25:17.253  INFO 8008 --- [main] o.h.h.i.ast.ASTQueryTranslatorFactory    : HHH000397: Using ASTQueryTranslatorFactory
2016-07-23 12:25:17.780  INFO 8008 --- [main] s.w.s.m.m.a.RequestMappingHandlerAdapter : Looking for @ControllerAdvice: org.springframework.boot.context.embedded.AnnotationConfigEmbeddedWebApplicationContext@6f7923a5: startup date [Sat Jul 23 12:25:12 CAT 2016]; root of context hierarchy
2016-07-23 12:25:17.854  INFO 8008 --- [main] s.w.s.m.m.a.RequestMappingHandlerMapping : Mapped "{[/property/{id}],methods=[GET]}" onto public com.ren.property.Property com.ren.property.PropertyController.get(java.lang.Long)
2016-07-23 12:25:17.854  INFO 8008 --- [main] s.w.s.m.m.a.RequestMappingHandlerMapping : Mapped "{[/property],methods=[GET]}" onto public org.springframework.http.ResponseEntity<java.util.List<com.ren.property.Property>> com.ren.property.PropertyController.getAll()
2016-07-23 12:25:17.855  INFO 8008 --- [main] s.w.s.m.m.a.RequestMappingHandlerMapping : Mapped "{[/authenticate],methods=[POST]}" onto public org.springframework.http.ResponseEntity<com.ren.security.token.AuthToken> com.ren.security.AuthenticationController.authenticate(com.ren.security.authentication.AuthenticationCredentials)
2016-07-23 12:25:17.856  INFO 8008 --- [main] s.w.s.m.m.a.RequestMappingHandlerMapping : Mapped "{[/user],methods=[GET]}" onto public java.util.List<com.ren.user.User> com.ren.user.UserController.get()
2016-07-23 12:25:17.856  INFO 8008 --- [main] s.w.s.m.m.a.RequestMappingHandlerMapping : Mapped "{[/user/register],methods=[POST]}" onto public org.springframework.http.ResponseEntity<java.lang.String> com.ren.user.UserController.register()
2016-07-23 12:25:17.857  INFO 8008 --- [main] s.w.s.m.m.a.RequestMappingHandlerMapping : Mapped "{[/error]}" onto public org.springframework.http.ResponseEntity<java.util.Map<java.lang.String, java.lang.Object>> org.springframework.boot.autoconfigure.web.BasicErrorController.error(javax.servlet.http.HttpServletRequest)
2016-07-23 12:25:17.858  INFO 8008 --- [main] s.w.s.m.m.a.RequestMappingHandlerMapping : Mapped "{[/error],produces=[text/html]}" onto public org.springframework.web.servlet.ModelAndView org.springframework.boot.autoconfigure.web.BasicErrorController.errorHtml(javax.servlet.http.HttpServletRequest,javax.servlet.http.HttpServletResponse)
2016-07-23 12:25:17.864  INFO 8008 --- [main] o.s.w.s.c.a.WebMvcConfigurerAdapter      : Adding welcome page: class path resource [static/index.html]
2016-07-23 12:25:17.873  INFO 8008 --- [main] o.s.w.s.handler.SimpleUrlHandlerMapping  : Root mapping to handler of type [class org.springframework.web.servlet.mvc.ParameterizableViewController]
2016-07-23 12:25:17.886  INFO 8008 --- [main] o.s.w.s.handler.SimpleUrlHandlerMapping  : Mapped URL path [/webjars/**] onto handler of type [class org.springframework.web.servlet.resource.ResourceHttpRequestHandler]
2016-07-23 12:25:17.886  INFO 8008 --- [main] o.s.w.s.handler.SimpleUrlHandlerMapping  : Mapped URL path [/**] onto handler of type [class org.springframework.web.servlet.resource.ResourceHttpRequestHandler]
2016-07-23 12:25:17.932  INFO 8008 --- [main] o.s.w.s.handler.SimpleUrlHandlerMapping  : Mapped URL path [/**/favicon.ico] onto handler of type [class org.springframework.web.servlet.resource.ResourceHttpRequestHandler]
2016-07-23 12:25:18.194  INFO 8008 --- [main] o.s.j.e.a.AnnotationMBeanExporter        : Registering beans for JMX exposure on startup
2016-07-23 12:25:18.195  INFO 8008 --- [main] o.s.j.e.a.AnnotationMBeanExporter        : Bean with name 'databaseConfig' has been autodetected for JMX exposure
2016-07-23 12:25:18.195  INFO 8008 --- [main] o.s.j.e.a.AnnotationMBeanExporter        : Bean with name 'dataSource' has been autodetected for JMX exposure
2016-07-23 12:25:18.202  INFO 8008 --- [main] o.s.j.e.a.AnnotationMBeanExporter        : Located MBean 'databaseConfig': registering with JMX server as MBean [com.ren.db.config:name=databaseConfig,type=DatabaseConfig]
2016-07-23 12:25:18.203  INFO 8008 --- [main] o.s.j.e.a.AnnotationMBeanExporter        : Located MBean 'dataSource': registering with JMX server as MBean [com.zaxxer.hikari:name=dataSource,type=HikariDataSource]
2016-07-23 12:25:18.270  INFO 8008 --- [main] s.b.c.e.t.TomcatEmbeddedServletContainer : Tomcat started on port(s): 8080 (http)
2016-07-23 12:25:18.275  INFO 8008 --- [main] com.ren.Application                      : Started Application in 6.784 seconds (JVM running for 7.095)
2016-07-23 12:25:38.616  INFO 8008 --- [http-nio-8080-exec-1] o.a.c.c.C.[Tomcat].[localhost].[/]       : Initializing Spring FrameworkServlet 'dispatcherServlet'
2016-07-23 12:25:38.616  INFO 8008 --- [http-nio-8080-exec-1] o.s.web.servlet.DispatcherServlet        : FrameworkServlet 'dispatcherServlet': initialization started
2016-07-23 12:25:38.631  INFO 8008 --- [http-nio-8080-exec-1] o.s.web.servlet.DispatcherServlet        : FrameworkServlet 'dispatcherServlet': initialization completed in 15 ms
2016-07-23 12:33:14.870  INFO 7396 --- [main] com.ren.Application                      : Starting Application on Rentius2407 with PID 7396 (C:\Work\Projects\Git\springboot-security-app\springboot-security-app\target\classes started by rentius in C:\Work\Projects\Git\springboot-security-app\springboot-security-app)
2016-07-23 12:33:14.872  INFO 7396 --- [main] com.ren.Application                      : No active profile set, falling back to default profiles: default
2016-07-23 12:33:14.907  INFO 7396 --- [main] ationConfigEmbeddedWebApplicationContext : Refreshing org.springframework.boot.context.embedded.AnnotationConfigEmbeddedWebApplicationContext@6f7923a5: startup date [Sat Jul 23 12:33:14 CAT 2016]; root of context hierarchy
2016-07-23 12:33:16.316  INFO 7396 --- [main] trationDelegate$BeanPostProcessorChecker : Bean 'org.springframework.security.config.annotation.configuration.ObjectPostProcessorConfiguration' of type [class org.springframework.security.config.annotation.configuration.ObjectPostProcessorConfiguration$$EnhancerBySpringCGLIB$$c0043476] is not eligible for getting processed by all BeanPostProcessors (for example: not eligible for auto-proxying)
2016-07-23 12:33:16.331  INFO 7396 --- [main] trationDelegate$BeanPostProcessorChecker : Bean 'objectPostProcessor' of type [class org.springframework.security.config.annotation.configuration.AutowireBeanFactoryObjectPostProcessor] is not eligible for getting processed by all BeanPostProcessors (for example: not eligible for auto-proxying)
2016-07-23 12:33:16.333  INFO 7396 --- [main] trationDelegate$BeanPostProcessorChecker : Bean 'org.springframework.security.access.expression.method.DefaultMethodSecurityExpressionHandler@30364216' of type [class org.springframework.security.access.expression.method.DefaultMethodSecurityExpressionHandler] is not eligible for getting processed by all BeanPostProcessors (for example: not eligible for auto-proxying)
2016-07-23 12:33:16.337  INFO 7396 --- [main] trationDelegate$BeanPostProcessorChecker : Bean 'org.springframework.security.config.annotation.method.configuration.GlobalMethodSecurityConfiguration' of type [class org.springframework.security.config.annotation.method.configuration.GlobalMethodSecurityConfiguration$$EnhancerBySpringCGLIB$$e4d8d728] is not eligible for getting processed by all BeanPostProcessors (for example: not eligible for auto-proxying)
2016-07-23 12:33:16.348  INFO 7396 --- [main] trationDelegate$BeanPostProcessorChecker : Bean 'methodSecurityMetadataSource' of type [class org.springframework.security.access.method.DelegatingMethodSecurityMetadataSource] is not eligible for getting processed by all BeanPostProcessors (for example: not eligible for auto-proxying)
2016-07-23 12:33:16.359  INFO 7396 --- [main] trationDelegate$BeanPostProcessorChecker : Bean 'org.springframework.transaction.annotation.ProxyTransactionManagementConfiguration' of type [class org.springframework.transaction.annotation.ProxyTransactionManagementConfiguration$$EnhancerBySpringCGLIB$$27566c3c] is not eligible for getting processed by all BeanPostProcessors (for example: not eligible for auto-proxying)
2016-07-23 12:33:16.976  INFO 7396 --- [main] s.b.c.e.t.TomcatEmbeddedServletContainer : Tomcat initialized with port(s): 8080 (http)
2016-07-23 12:33:16.990  INFO 7396 --- [main] o.apache.catalina.core.StandardService   : Starting service Tomcat
2016-07-23 12:33:16.991  INFO 7396 --- [main] org.apache.catalina.core.StandardEngine  : Starting Servlet Engine: Apache Tomcat/8.0.36
2016-07-23 12:33:17.115  INFO 7396 --- [localhost-startStop-1] o.a.c.c.C.[Tomcat].[localhost].[/]       : Initializing Spring embedded WebApplicationContext
2016-07-23 12:33:17.115  INFO 7396 --- [localhost-startStop-1] o.s.web.context.ContextLoader            : Root WebApplicationContext: initialization completed in 2211 ms
2016-07-23 12:33:17.526  INFO 7396 --- [localhost-startStop-1] o.s.b.c.embedded.FilterRegistrationBean  : Mapping filter: 'characterEncodingFilter' to: [/*]
2016-07-23 12:33:17.526  INFO 7396 --- [localhost-startStop-1] o.s.b.c.embedded.FilterRegistrationBean  : Mapping filter: 'hiddenHttpMethodFilter' to: [/*]
2016-07-23 12:33:17.526  INFO 7396 --- [localhost-startStop-1] o.s.b.c.embedded.FilterRegistrationBean  : Mapping filter: 'httpPutFormContentFilter' to: [/*]
2016-07-23 12:33:17.526  INFO 7396 --- [localhost-startStop-1] o.s.b.c.embedded.FilterRegistrationBean  : Mapping filter: 'requestContextFilter' to: [/*]
2016-07-23 12:33:17.526  INFO 7396 --- [localhost-startStop-1] .e.DelegatingFilterProxyRegistrationBean : Mapping filter: 'springSecurityFilterChain' to: [/*]
2016-07-23 12:33:17.526  INFO 7396 --- [localhost-startStop-1] o.s.b.c.e.ServletRegistrationBean        : Mapping servlet: 'dispatcherServlet' to [/]
2016-07-23 12:33:17.821  INFO 7396 --- [localhost-startStop-1] o.s.s.web.DefaultSecurityFilterChain     : Creating filter chain: Ant [pattern='/css/**'], []
2016-07-23 12:33:17.821  INFO 7396 --- [localhost-startStop-1] o.s.s.web.DefaultSecurityFilterChain     : Creating filter chain: Ant [pattern='/js/**'], []
2016-07-23 12:33:17.821  INFO 7396 --- [localhost-startStop-1] o.s.s.web.DefaultSecurityFilterChain     : Creating filter chain: Ant [pattern='/**/**.html'], []
2016-07-23 12:33:17.821  INFO 7396 --- [localhost-startStop-1] o.s.s.web.DefaultSecurityFilterChain     : Creating filter chain: Ant [pattern='/favicon.ico'], []
2016-07-23 12:33:17.821  INFO 7396 --- [localhost-startStop-1] o.s.s.web.DefaultSecurityFilterChain     : Creating filter chain: Ant [pattern='/**/**.js'], []
2016-07-23 12:33:17.878  INFO 7396 --- [localhost-startStop-1] o.s.s.web.DefaultSecurityFilterChain     : Creating filter chain: org.springframework.security.web.util.matcher.AnyRequestMatcher@1, [org.springframework.security.web.context.request.async.WebAsyncManagerIntegrationFilter@2f045a58, org.springframework.security.web.context.SecurityContextPersistenceFilter@ed42b83, org.springframework.security.web.header.HeaderWriterFilter@13886098, org.springframework.security.web.authentication.logout.LogoutFilter@6de5b632, com.ren.security.filter.AuthenticationFilter@7f20555a, org.springframework.security.web.savedrequest.RequestCacheAwareFilter@71550527, org.springframework.security.web.servletapi.SecurityContextHolderAwareRequestFilter@29bf2159, org.springframework.security.web.authentication.AnonymousAuthenticationFilter@784d181e, org.springframework.security.web.session.SessionManagementFilter@68a0e25f, org.springframework.security.web.access.ExceptionTranslationFilter@3df50882, org.springframework.security.web.access.intercept.FilterSecurityInterceptor@7efaff24]
2016-07-23 12:33:17.931  INFO 7396 --- [main] com.zaxxer.hikari.HikariDataSource       : HikariPool-1 - Started.
2016-07-23 12:33:18.043  INFO 7396 --- [main] com.zaxxer.hikari.pool.PoolBase          : HikariPool-1 - Driver does not support get/set network timeout for connections. (Method org.postgresql.jdbc4.Jdbc4Connection.getNetworkTimeout() is not yet implemented.)
2016-07-23 12:33:19.480  INFO 7396 --- [main] j.LocalContainerEntityManagerFactoryBean : Building JPA container EntityManagerFactory for persistence unit 'default'
2016-07-23 12:33:19.490  INFO 7396 --- [main] o.hibernate.jpa.internal.util.LogHelper  : HHH000204: Processing PersistenceUnitInfo [
	name: default
	...]
2016-07-23 12:33:19.579  INFO 7396 --- [main] org.hibernate.Version                    : HHH000412: Hibernate Core {4.3.11.Final}
2016-07-23 12:33:19.581  INFO 7396 --- [main] org.hibernate.cfg.Environment            : HHH000206: hibernate.properties not found
2016-07-23 12:33:19.582  INFO 7396 --- [main] org.hibernate.cfg.Environment            : HHH000021: Bytecode provider name : javassist
2016-07-23 12:33:19.797  INFO 7396 --- [main] o.hibernate.annotations.common.Version   : HCANN000001: Hibernate Commons Annotations {4.0.5.Final}
2016-07-23 12:33:19.962  INFO 7396 --- [main] org.hibernate.dialect.Dialect            : HHH000400: Using dialect: org.hibernate.dialect.PostgreSQL9Dialect
2016-07-23 12:33:19.969  INFO 7396 --- [main] o.h.e.jdbc.internal.LobCreatorBuilder    : HHH000424: Disabling contextual LOB creation as createClob() method threw error : java.lang.reflect.InvocationTargetException
2016-07-23 12:33:20.049  INFO 7396 --- [main] o.h.h.i.ast.ASTQueryTranslatorFactory    : HHH000397: Using ASTQueryTranslatorFactory
2016-07-23 12:33:20.522  INFO 7396 --- [main] s.w.s.m.m.a.RequestMappingHandlerAdapter : Looking for @ControllerAdvice: org.springframework.boot.context.embedded.AnnotationConfigEmbeddedWebApplicationContext@6f7923a5: startup date [Sat Jul 23 12:33:14 CAT 2016]; root of context hierarchy
2016-07-23 12:33:20.604  INFO 7396 --- [main] s.w.s.m.m.a.RequestMappingHandlerMapping : Mapped "{[/property/{id}],methods=[GET]}" onto public com.ren.property.Property com.ren.property.PropertyController.get(java.lang.Long)
2016-07-23 12:33:20.605  INFO 7396 --- [main] s.w.s.m.m.a.RequestMappingHandlerMapping : Mapped "{[/property],methods=[GET]}" onto public org.springframework.http.ResponseEntity<java.util.List<com.ren.property.Property>> com.ren.property.PropertyController.getAll()
2016-07-23 12:33:20.607  INFO 7396 --- [main] s.w.s.m.m.a.RequestMappingHandlerMapping : Mapped "{[/authenticate],methods=[POST]}" onto public org.springframework.http.ResponseEntity<com.ren.security.token.AuthToken> com.ren.security.AuthenticationController.authenticate(com.ren.security.authentication.AuthenticationCredentials)
2016-07-23 12:33:20.608  INFO 7396 --- [main] s.w.s.m.m.a.RequestMappingHandlerMapping : Mapped "{[/user],methods=[GET]}" onto public java.util.List<com.ren.user.User> com.ren.user.UserController.get()
2016-07-23 12:33:20.608  INFO 7396 --- [main] s.w.s.m.m.a.RequestMappingHandlerMapping : Mapped "{[/user/register],methods=[POST]}" onto public org.springframework.http.ResponseEntity<java.lang.String> com.ren.user.UserController.register()
2016-07-23 12:33:20.609  INFO 7396 --- [main] s.w.s.m.m.a.RequestMappingHandlerMapping : Mapped "{[/error]}" onto public org.springframework.http.ResponseEntity<java.util.Map<java.lang.String, java.lang.Object>> org.springframework.boot.autoconfigure.web.BasicErrorController.error(javax.servlet.http.HttpServletRequest)
2016-07-23 12:33:20.610  INFO 7396 --- [main] s.w.s.m.m.a.RequestMappingHandlerMapping : Mapped "{[/error],produces=[text/html]}" onto public org.springframework.web.servlet.ModelAndView org.springframework.boot.autoconfigure.web.BasicErrorController.errorHtml(javax.servlet.http.HttpServletRequest,javax.servlet.http.HttpServletResponse)
2016-07-23 12:33:20.620  INFO 7396 --- [main] o.s.w.s.c.a.WebMvcConfigurerAdapter      : Adding welcome page: class path resource [static/index.html]
2016-07-23 12:33:20.632  INFO 7396 --- [main] o.s.w.s.handler.SimpleUrlHandlerMapping  : Root mapping to handler of type [class org.springframework.web.servlet.mvc.ParameterizableViewController]
2016-07-23 12:33:20.646  INFO 7396 --- [main] o.s.w.s.handler.SimpleUrlHandlerMapping  : Mapped URL path [/webjars/**] onto handler of type [class org.springframework.web.servlet.resource.ResourceHttpRequestHandler]
2016-07-23 12:33:20.646  INFO 7396 --- [main] o.s.w.s.handler.SimpleUrlHandlerMapping  : Mapped URL path [/**] onto handler of type [class org.springframework.web.servlet.resource.ResourceHttpRequestHandler]
2016-07-23 12:33:20.688  INFO 7396 --- [main] o.s.w.s.handler.SimpleUrlHandlerMapping  : Mapped URL path [/**/favicon.ico] onto handler of type [class org.springframework.web.servlet.resource.ResourceHttpRequestHandler]
2016-07-23 12:33:20.923  INFO 7396 --- [main] o.s.j.e.a.AnnotationMBeanExporter        : Registering beans for JMX exposure on startup
2016-07-23 12:33:20.924  INFO 7396 --- [main] o.s.j.e.a.AnnotationMBeanExporter        : Bean with name 'databaseConfig' has been autodetected for JMX exposure
2016-07-23 12:33:20.924  INFO 7396 --- [main] o.s.j.e.a.AnnotationMBeanExporter        : Bean with name 'dataSource' has been autodetected for JMX exposure
2016-07-23 12:33:20.930  INFO 7396 --- [main] o.s.j.e.a.AnnotationMBeanExporter        : Located MBean 'databaseConfig': registering with JMX server as MBean [com.ren.db.config:name=databaseConfig,type=DatabaseConfig]
2016-07-23 12:33:20.931  INFO 7396 --- [main] o.s.j.e.a.AnnotationMBeanExporter        : Located MBean 'dataSource': registering with JMX server as MBean [com.zaxxer.hikari:name=dataSource,type=HikariDataSource]
2016-07-23 12:33:20.993  INFO 7396 --- [main] s.b.c.e.t.TomcatEmbeddedServletContainer : Tomcat started on port(s): 8080 (http)
2016-07-23 12:33:20.998  INFO 7396 --- [main] com.ren.Application                      : Started Application in 6.773 seconds (JVM running for 7.088)
2016-07-23 12:33:30.123  INFO 7396 --- [http-nio-8080-exec-1] o.a.c.c.C.[Tomcat].[localhost].[/]       : Initializing Spring FrameworkServlet 'dispatcherServlet'
2016-07-23 12:33:30.123  INFO 7396 --- [http-nio-8080-exec-1] o.s.web.servlet.DispatcherServlet        : FrameworkServlet 'dispatcherServlet': initialization started
2016-07-23 12:33:30.138  INFO 7396 --- [http-nio-8080-exec-1] o.s.web.servlet.DispatcherServlet        : FrameworkServlet 'dispatcherServlet': initialization completed in 15 ms
